2026-01-05 18:20:15 [INFO] === MASTER ORCHESTRATOR STARTED ===
2026-01-05 18:20:16 [INFO] STEP 1: Ingestion â†’ Staging
2026-01-05 18:20:16 [INFO] Running: ['c:\\Users\\v_sur\\AppData\\Local\\Programs\\Python\\Python311\\python.exe', 'E:\\ProjectTrading\\trading_system\\ingestion\\ingestion_1m_range_staging_day.py']
2026-01-05 18:21:03 [INFO] ----- STDOUT -----
2026-01-05 18:21:03 [INFO] ----- STDERR -----
2026-01-05 18:21:03 [INFO] 0.01s - Debugger warning: It seems that frozen modules are being used, which may
0.00s - make the debugger miss breakpoints. Please pass -Xfrozen_modules=off
0.00s - to python to disable frozen modules.
0.00s - Note: Debugging will proceed. Set PYDEVD_DISABLE_FILE_VALIDATION=1 to disable this validation.
Traceback (most recent call last):
  File "c:\Users\v_sur\AppData\Local\Programs\Python\Python311\Lib\site-packages\pandas\compat\_optional.py", line 135, in import_optional_dependency
    module = importlib.import_module(name)
             ^^^^^^^^^^^^^^^^^^^^^^^^^^^^^
  File "c:\Users\v_sur\AppData\Local\Programs\Python\Python311\Lib\importlib\__init__.py", line 126, in import_module
    return _bootstrap._gcd_import(name[level:], package, level)
           ^^^^^^^^^^^^^^^^^^^^^^^^^^^^^^^^^^^^^^^^^^^^^^^^^^^^
  File "<frozen importlib._bootstrap>", line 1206, in _gcd_import
  File "<frozen importlib._bootstrap>", line 1178, in _find_and_load
  File "<frozen importlib._bootstrap>", line 1142, in _find_and_load_unlocked
ModuleNotFoundError: No module named 'openpyxl'

During handling of the above exception, another exception occurred:

Traceback (most recent call last):
  File "c:\Users\v_sur\.vscode\extensions\ms-python.debugpy-2025.18.0-win32-x64\bundled\libs\debugpy\_vendored\pydevd\pydevd.py", line 3729, in <module>
    main()
  File "c:\Users\v_sur\.vscode\extensions\ms-python.debugpy-2025.18.0-win32-x64\bundled\libs\debugpy\_vendored\pydevd\pydevd.py", line 3714, in main
    globals = debugger.run(setup["file"], None, None, is_module)
              ^^^^^^^^^^^^^^^^^^^^^^^^^^^^^^^^^^^^^^^^^^^^^^^^^^
  File "c:\Users\v_sur\.vscode\extensions\ms-python.debugpy-2025.18.0-win32-x64\bundled\libs\debugpy\_vendored\pydevd\pydevd.py", line 2698, in run
    return self._exec(is_module, entry_point_fn, module_name, file, globals, locals)
           ^^^^^^^^^^^^^^^^^^^^^^^^^^^^^^^^^^^^^^^^^^^^^^^^^^^^^^^^^^^^^^^^^^^^^^^^^
  File "c:\Users\v_sur\.vscode\extensions\ms-python.debugpy-2025.18.0-win32-x64\bundled\libs\debugpy\_vendored\pydevd\pydevd.py", line 2706, in _exec
    globals = pydevd_runpy.run_path(file, globals, "__main__")
              ^^^^^^^^^^^^^^^^^^^^^^^^^^^^^^^^^^^^^^^^^^^^^^^^
  File "c:\Users\v_sur\.vscode\extensions\ms-python.debugpy-2025.18.0-win32-x64\bundled\libs\debugpy\_vendored\pydevd\_pydevd_bundle\pydevd_runpy.py", line 310, in run_path
    return _run_module_code(code, init_globals, run_name, pkg_name=pkg_name, script_name=fname)
           ^^^^^^^^^^^^^^^^^^^^^^^^^^^^^^^^^^^^^^^^^^^^^^^^^^^^^^^^^^^^^^^^^^^^^^^^^^^^^^^^^^^^
  File "c:\Users\v_sur\.vscode\extensions\ms-python.debugpy-2025.18.0-win32-x64\bundled\libs\debugpy\_vendored\pydevd\_pydevd_bundle\pydevd_runpy.py", line 127, in _run_module_code
    _run_code(code, mod_globals, init_globals, mod_name, mod_spec, pkg_name, script_name)
  File "c:\Users\v_sur\.vscode\extensions\ms-python.debugpy-2025.18.0-win32-x64\bundled\libs\debugpy\_vendored\pydevd\_pydevd_bundle\pydevd_runpy.py", line 118, in _run_code
    exec(code, run_globals)
  File "E:\ProjectTrading\trading_system\ingestion\ingestion_1m_range_staging_day.py", line 230, in <module>
    symbols_df = pd.read_excel(symbols_path)
                 ^^^^^^^^^^^^^^^^^^^^^^^^^^^
  File "c:\Users\v_sur\AppData\Local\Programs\Python\Python311\Lib\site-packages\pandas\io\excel\_base.py", line 495, in read_excel
    io = ExcelFile(
         ^^^^^^^^^^
  File "c:\Users\v_sur\AppData\Local\Programs\Python\Python311\Lib\site-packages\pandas\io\excel\_base.py", line 1567, in __init__
    self._reader = self._engines[engine](
                   ^^^^^^^^^^^^^^^^^^^^^^
  File "c:\Users\v_sur\AppData\Local\Programs\Python\Python311\Lib\site-packages\pandas\io\excel\_openpyxl.py", line 552, in __init__
    import_optional_dependency("openpyxl")
  File "c:\Users\v_sur\AppData\Local\Programs\Python\Python311\Lib\site-packages\pandas\compat\_optional.py", line 138, in import_optional_dependency
    raise ImportError(msg)
ImportError: Missing optional dependency 'openpyxl'.  Use pip or conda to install openpyxl.
2026-01-05 18:21:03 [INFO] ERROR: Script failed with exit code 1
