2026-01-05 23:25:07 [INFO] === MASTER ORCHESTRATOR STARTED ===
2026-01-05 23:25:07 [INFO] STEP 1: Ingestion -> Staging
2026-01-05 23:25:07 [INFO] Running: ['C:\\trading_function\\.venv\\Scripts\\python.exe', 'E:\\ProjectTrading\\trading_system\\ingestion\\ingestion_1m_range_staging_day.py']
2026-01-05 23:25:11 [INFO] ----- STDOUT -----
2026-01-05 23:25:11 [INFO] ----- STDERR -----
2026-01-05 23:25:11 [INFO] Traceback (most recent call last):
  File "C:\trading_function\.venv\Lib\site-packages\pandas\compat\_optional.py", line 135, in import_optional_dependency
    module = importlib.import_module(name)
             ^^^^^^^^^^^^^^^^^^^^^^^^^^^^^
  File "C:\Users\v_sur\AppData\Local\Programs\Python\Python311\Lib\importlib\__init__.py", line 126, in import_module
    return _bootstrap._gcd_import(name[level:], package, level)
           ^^^^^^^^^^^^^^^^^^^^^^^^^^^^^^^^^^^^^^^^^^^^^^^^^^^^
  File "<frozen importlib._bootstrap>", line 1206, in _gcd_import
  File "<frozen importlib._bootstrap>", line 1178, in _find_and_load
  File "<frozen importlib._bootstrap>", line 1142, in _find_and_load_unlocked
ModuleNotFoundError: No module named 'openpyxl'

During handling of the above exception, another exception occurred:

Traceback (most recent call last):
  File "E:\ProjectTrading\trading_system\ingestion\ingestion_1m_range_staging_day.py", line 230, in <module>
    symbols_df = pd.read_excel(symbols_path)
                 ^^^^^^^^^^^^^^^^^^^^^^^^^^^
  File "C:\trading_function\.venv\Lib\site-packages\pandas\io\excel\_base.py", line 495, in read_excel
    io = ExcelFile(
         ^^^^^^^^^^
  File "C:\trading_function\.venv\Lib\site-packages\pandas\io\excel\_base.py", line 1567, in __init__
    self._reader = self._engines[engine](
                   ^^^^^^^^^^^^^^^^^^^^^^
  File "C:\trading_function\.venv\Lib\site-packages\pandas\io\excel\_openpyxl.py", line 552, in __init__
    import_optional_dependency("openpyxl")
  File "C:\trading_function\.venv\Lib\site-packages\pandas\compat\_optional.py", line 138, in import_optional_dependency
    raise ImportError(msg)
ImportError: Missing optional dependency 'openpyxl'.  Use pip or conda to install openpyxl.
2026-01-05 23:25:11 [INFO] ERROR: Script failed with exit code 1
